Analysis & Synthesis report for Projeto2SD
Thu Dec 13 14:01:26 2018
Quartus II Version 9.1 Build 350 03/24/2010 Service Pack 2 SJ Web Edition


---------------------
; Table of Contents ;
---------------------
  1. Legal Notice
  2. Analysis & Synthesis Summary
  3. Analysis & Synthesis Settings
  4. Parallel Compilation
  5. Analysis & Synthesis Source Files Read
  6. Analysis & Synthesis Resource Usage Summary
  7. Analysis & Synthesis Resource Utilization by Entity
  8. User-Specified and Inferred Latches
  9. Registers Removed During Synthesis
 10. General Register Statistics
 11. Multiplexer Restructuring Statistics (Restructuring Performed)
 12. Parameter Settings for User Entity Instance: Counter:comb_3
 13. Parameter Settings for User Entity Instance: Memory:comb_4
 14. Parameter Settings for User Entity Instance: Controller:controller
 15. Parameter Settings for User Entity Instance: RegisterX:regX
 16. Parameter Settings for User Entity Instance: RegisterY:regY
 17. Parameter Settings for User Entity Instance: RegisterX:regZ
 18. Parameter Settings for User Entity Instance: ULA:ula
 19. Port Connectivity Checks: "Counter:comb_3"
 20. Analysis & Synthesis Messages



----------------
; Legal Notice ;
----------------
Copyright (C) 1991-2010 Altera Corporation
Your use of Altera Corporation's design tools, logic functions 
and other software and tools, and its AMPP partner logic 
functions, and any output files from any of the foregoing 
(including device programming or simulation files), and any 
associated documentation or information are expressly subject 
to the terms and conditions of the Altera Program License 
Subscription Agreement, Altera MegaCore Function License 
Agreement, or other applicable license agreement, including, 
without limitation, that your use is for the sole purpose of 
programming logic devices manufactured by Altera and sold by 
Altera or its authorized distributors.  Please refer to the 
applicable agreement for further details.



+------------------------------------------------------------------------------+
; Analysis & Synthesis Summary                                                 ;
+-------------------------------+----------------------------------------------+
; Analysis & Synthesis Status   ; Successful - Thu Dec 13 14:01:26 2018        ;
; Quartus II Version            ; 9.1 Build 350 03/24/2010 SP 2 SJ Web Edition ;
; Revision Name                 ; Projeto2SD                                   ;
; Top-level Entity Name         ; CPU                                          ;
; Family                        ; Stratix II                                   ;
; Logic utilization             ; N/A                                          ;
;     Combinational ALUTs       ; 33                                           ;
;     Dedicated logic registers ; 12                                           ;
; Total registers               ; 12                                           ;
; Total pins                    ; 35                                           ;
; Total virtual pins            ; 0                                            ;
; Total block memory bits       ; 0                                            ;
; DSP block 9-bit elements      ; 0                                            ;
; Total PLLs                    ; 0                                            ;
; Total DLLs                    ; 0                                            ;
+-------------------------------+----------------------------------------------+


+----------------------------------------------------------------------------------------------------------------------+
; Analysis & Synthesis Settings                                                                                        ;
+----------------------------------------------------------------------------+--------------------+--------------------+
; Option                                                                     ; Setting            ; Default Value      ;
+----------------------------------------------------------------------------+--------------------+--------------------+
; Top-level entity name                                                      ; CPU                ; Projeto2SD         ;
; Family name                                                                ; Stratix II         ; Stratix II         ;
; Use Generated Physical Constraints File                                    ; Off                ;                    ;
; Use smart compilation                                                      ; Off                ; Off                ;
; Enable parallel Assembler and TimeQuest Timing Analyzer during compilation ; On                 ; On                 ;
; Enable compact report table                                                ; Off                ; Off                ;
; Restructure Multiplexers                                                   ; Auto               ; Auto               ;
; Create Debugging Nodes for IP Cores                                        ; Off                ; Off                ;
; Preserve fewer node names                                                  ; On                 ; On                 ;
; Disable OpenCore Plus hardware evaluation                                  ; Off                ; Off                ;
; Verilog Version                                                            ; Verilog_2001       ; Verilog_2001       ;
; VHDL Version                                                               ; VHDL_1993          ; VHDL_1993          ;
; State Machine Processing                                                   ; Auto               ; Auto               ;
; Safe State Machine                                                         ; Off                ; Off                ;
; Extract Verilog State Machines                                             ; On                 ; On                 ;
; Extract VHDL State Machines                                                ; On                 ; On                 ;
; Ignore Verilog initial constructs                                          ; Off                ; Off                ;
; Iteration limit for constant Verilog loops                                 ; 5000               ; 5000               ;
; Iteration limit for non-constant Verilog loops                             ; 250                ; 250                ;
; Add Pass-Through Logic to Inferred RAMs                                    ; On                 ; On                 ;
; Parallel Synthesis                                                         ; On                 ; On                 ;
; DSP Block Balancing                                                        ; Auto               ; Auto               ;
; NOT Gate Push-Back                                                         ; On                 ; On                 ;
; Power-Up Don't Care                                                        ; On                 ; On                 ;
; Remove Redundant Logic Cells                                               ; Off                ; Off                ;
; Remove Duplicate Registers                                                 ; On                 ; On                 ;
; Ignore CARRY Buffers                                                       ; Off                ; Off                ;
; Ignore CASCADE Buffers                                                     ; Off                ; Off                ;
; Ignore GLOBAL Buffers                                                      ; Off                ; Off                ;
; Ignore ROW GLOBAL Buffers                                                  ; Off                ; Off                ;
; Ignore LCELL Buffers                                                       ; Off                ; Off                ;
; Ignore SOFT Buffers                                                        ; On                 ; On                 ;
; Limit AHDL Integers to 32 Bits                                             ; Off                ; Off                ;
; Optimization Technique                                                     ; Balanced           ; Balanced           ;
; Carry Chain Length                                                         ; 70                 ; 70                 ;
; Auto Carry Chains                                                          ; On                 ; On                 ;
; Auto Open-Drain Pins                                                       ; On                 ; On                 ;
; Perform WYSIWYG Primitive Resynthesis                                      ; Off                ; Off                ;
; Auto ROM Replacement                                                       ; On                 ; On                 ;
; Auto RAM Replacement                                                       ; On                 ; On                 ;
; Auto DSP Block Replacement                                                 ; On                 ; On                 ;
; Auto Shift Register Replacement                                            ; Auto               ; Auto               ;
; Auto Clock Enable Replacement                                              ; On                 ; On                 ;
; Strict RAM Replacement                                                     ; Off                ; Off                ;
; Allow Synchronous Control Signals                                          ; On                 ; On                 ;
; Force Use of Synchronous Clear Signals                                     ; Off                ; Off                ;
; Auto RAM Block Balancing                                                   ; On                 ; On                 ;
; Auto RAM to Logic Cell Conversion                                          ; Off                ; Off                ;
; Auto Resource Sharing                                                      ; Off                ; Off                ;
; Allow Any RAM Size For Recognition                                         ; Off                ; Off                ;
; Allow Any ROM Size For Recognition                                         ; Off                ; Off                ;
; Allow Any Shift Register Size For Recognition                              ; Off                ; Off                ;
; Use LogicLock Constraints during Resource Balancing                        ; On                 ; On                 ;
; Ignore translate_off and synthesis_off directives                          ; Off                ; Off                ;
; Timing-Driven Synthesis                                                    ; Off                ; Off                ;
; Show Parameter Settings Tables in Synthesis Report                         ; On                 ; On                 ;
; Ignore Maximum Fan-Out Assignments                                         ; Off                ; Off                ;
; Synchronization Register Chain Length                                      ; 2                  ; 2                  ;
; PowerPlay Power Optimization                                               ; Normal compilation ; Normal compilation ;
; HDL message level                                                          ; Level2             ; Level2             ;
; Suppress Register Optimization Related Messages                            ; Off                ; Off                ;
; Number of Removed Registers Reported in Synthesis Report                   ; 5000               ; 5000               ;
; Number of Inverted Registers Reported in Synthesis Report                  ; 100                ; 100                ;
; Clock MUX Protection                                                       ; On                 ; On                 ;
; Auto Gated Clock Conversion                                                ; Off                ; Off                ;
; Block Design Naming                                                        ; Auto               ; Auto               ;
; SDC constraint protection                                                  ; Off                ; Off                ;
; Synthesis Effort                                                           ; Auto               ; Auto               ;
; Shift Register Replacement - Allow Asynchronous Clear Signal               ; On                 ; On                 ;
; Analysis & Synthesis Message Level                                         ; Medium             ; Medium             ;
; Disable Register Merging Across Hierarchies                                ; Auto               ; Auto               ;
; Resource Aware Inference For Block RAM                                     ; On                 ; On                 ;
+----------------------------------------------------------------------------+--------------------+--------------------+


Parallel compilation was disabled, but you have multiple processors available. Enable parallel compilation to reduce compilation time.
+-------------------------------------+
; Parallel Compilation                ;
+----------------------------+--------+
; Processors                 ; Number ;
+----------------------------+--------+
; Number detected on machine ; 2      ;
; Maximum allowed            ; 1      ;
+----------------------------+--------+


+-----------------------------------------------------------------------------------------------------------------------------------------+
; Analysis & Synthesis Source Files Read                                                                                                  ;
+----------------------------------+-----------------+------------------------+-----------------------------------------------------------+
; File Name with User-Entered Path ; Used in Netlist ; File Type              ; File Name with Absolute Path                              ;
+----------------------------------+-----------------+------------------------+-----------------------------------------------------------+
; Counter.v                        ; yes             ; User Verilog HDL File  ; E:/UFPE/Sistemas Digitais - IF675/projeto2SD/Counter.v    ;
; Memory.v                         ; yes             ; User Verilog HDL File  ; E:/UFPE/Sistemas Digitais - IF675/projeto2SD/Memory.v     ;
; RegisterX.v                      ; yes             ; User Verilog HDL File  ; E:/UFPE/Sistemas Digitais - IF675/projeto2SD/RegisterX.v  ;
; RegisterY.v                      ; yes             ; User Verilog HDL File  ; E:/UFPE/Sistemas Digitais - IF675/projeto2SD/RegisterY.v  ;
; ULA.v                            ; yes             ; User Verilog HDL File  ; E:/UFPE/Sistemas Digitais - IF675/projeto2SD/ULA.v        ;
; Controller.v                     ; yes             ; User Verilog HDL File  ; E:/UFPE/Sistemas Digitais - IF675/projeto2SD/Controller.v ;
; CPU.v                            ; yes             ; User Verilog HDL File  ; E:/UFPE/Sistemas Digitais - IF675/projeto2SD/CPU.v        ;
+----------------------------------+-----------------+------------------------+-----------------------------------------------------------+


+-------------------------------------------------------+
; Analysis & Synthesis Resource Usage Summary           ;
+-----------------------------------------------+-------+
; Resource                                      ; Usage ;
+-----------------------------------------------+-------+
; Estimated ALUTs Used                          ; 33    ;
; Dedicated logic registers                     ; 12    ;
;                                               ;       ;
; Estimated ALUTs Unavailable                   ; 2     ;
;                                               ;       ;
; Total combinational functions                 ; 33    ;
; Combinational ALUT usage by number of inputs  ;       ;
;     -- 7 input functions                      ; 0     ;
;     -- 6 input functions                      ; 2     ;
;     -- 5 input functions                      ; 1     ;
;     -- 4 input functions                      ; 3     ;
;     -- <=3 input functions                    ; 27    ;
;                                               ;       ;
; Combinational ALUTs by mode                   ;       ;
;     -- normal mode                            ; 33    ;
;     -- extended LUT mode                      ; 0     ;
;     -- arithmetic mode                        ; 0     ;
;     -- shared arithmetic mode                 ; 0     ;
;                                               ;       ;
; Estimated ALUT/register pairs used            ; 35    ;
;                                               ;       ;
; Total registers                               ; 12    ;
;     -- Dedicated logic registers              ; 12    ;
;     -- I/O registers                          ; 0     ;
;                                               ;       ;
; Estimated ALMs:  partially or completely used ; 18    ;
;                                               ;       ;
; I/O pins                                      ; 35    ;
; Maximum fan-out node                          ; clk   ;
; Maximum fan-out                               ; 12    ;
; Total fan-out                                 ; 156   ;
; Average fan-out                               ; 1.95  ;
+-----------------------------------------------+-------+


+------------------------------------------------------------------------------------------------------------------------------------------------------------------------------------------------------+
; Analysis & Synthesis Resource Utilization by Entity                                                                                                                                                  ;
+----------------------------+-------------------+--------------+-------------------+--------------+---------+-----------+-----------+------+--------------+----------------------------+--------------+
; Compilation Hierarchy Node ; LC Combinationals ; LC Registers ; Block Memory Bits ; DSP Elements ; DSP 9x9 ; DSP 18x18 ; DSP 36x36 ; Pins ; Virtual Pins ; Full Hierarchy Name        ; Library Name ;
+----------------------------+-------------------+--------------+-------------------+--------------+---------+-----------+-----------+------+--------------+----------------------------+--------------+
; |CPU                       ; 33 (0)            ; 12 (0)       ; 0                 ; 0            ; 0       ; 0         ; 0         ; 35   ; 0            ; |CPU                       ; work         ;
;    |Controller:controller| ; 11 (11)           ; 0 (0)        ; 0                 ; 0            ; 0       ; 0         ; 0         ; 0    ; 0            ; |CPU|Controller:controller ; work         ;
;    |Counter:comb_3|        ; 4 (4)             ; 3 (3)        ; 0                 ; 0            ; 0       ; 0         ; 0         ; 0    ; 0            ; |CPU|Counter:comb_3        ;              ;
;    |Memory:comb_4|         ; 5 (5)             ; 0 (0)        ; 0                 ; 0            ; 0       ; 0         ; 0         ; 0    ; 0            ; |CPU|Memory:comb_4         ; work         ;
;    |RegisterX:regX|        ; 1 (1)             ; 1 (1)        ; 0                 ; 0            ; 0       ; 0         ; 0         ; 0    ; 0            ; |CPU|RegisterX:regX        ;              ;
;    |RegisterX:regZ|        ; 4 (4)             ; 4 (4)        ; 0                 ; 0            ; 0       ; 0         ; 0         ; 0    ; 0            ; |CPU|RegisterX:regZ        ; work         ;
;    |RegisterY:regY|        ; 5 (5)             ; 4 (4)        ; 0                 ; 0            ; 0       ; 0         ; 0         ; 0    ; 0            ; |CPU|RegisterY:regY        ; work         ;
;    |ULA:ula|               ; 3 (3)             ; 0 (0)        ; 0                 ; 0            ; 0       ; 0         ; 0         ; 0    ; 0            ; |CPU|ULA:ula               ; work         ;
+----------------------------+-------------------+--------------+-------------------+--------------+---------+-----------+-----------+------+--------------+----------------------------+--------------+
Note: For table entries with two numbers listed, the numbers in parentheses indicate the number of resources of the given type used by the specific entity alone. The numbers listed outside of parentheses indicate the total resources of the given type used by the specific entity and all of its sub-entities in the hierarchy.


+-----------------------------------------------------------------------------------------------------------+
; User-Specified and Inferred Latches                                                                       ;
+-----------------------------------------------------+----------------------------+------------------------+
; Latch Name                                          ; Latch Enable Signal        ; Free of Timing Hazards ;
+-----------------------------------------------------+----------------------------+------------------------+
; Controller:controller|tX[0]                         ; Controller:controller|Mux6 ; yes                    ;
; Controller:controller|tX[1]                         ; Controller:controller|Mux6 ; yes                    ;
; Controller:controller|tY[0]                         ; Controller:controller|Mux6 ; yes                    ;
; Controller:controller|tY[2]                         ; Controller:controller|Mux6 ; yes                    ;
; Controller:controller|tZ[0]                         ; Controller:controller|Mux6 ; yes                    ;
; Controller:controller|tZ[1]                         ; Controller:controller|Mux6 ; yes                    ;
; Memory:comb_4|val[1]                                ; Counter:comb_3|LessThan0   ; yes                    ;
; Memory:comb_4|out[0]                                ; Counter:comb_3|LessThan0   ; yes                    ;
; Memory:comb_4|out[1]                                ; Counter:comb_3|LessThan0   ; yes                    ;
; Memory:comb_4|out[2]                                ; Counter:comb_3|LessThan0   ; yes                    ;
; Number of user-specified and inferred latches = 10  ;                            ;                        ;
+-----------------------------------------------------+----------------------------+------------------------+
Note: All latches listed above may not be present at the end of synthesis due to various synthesis optimizations.


+--------------------------------------------------------------------------------+
; Registers Removed During Synthesis                                             ;
+---------------------------------------+----------------------------------------+
; Register name                         ; Reason for Removal                     ;
+---------------------------------------+----------------------------------------+
; RegisterX:regX|out[0,2..3]            ; Stuck at GND due to stuck port data_in ;
; Counter:comb_3|out[3]                 ; Stuck at GND due to stuck port data_in ;
; Total Number of Removed Registers = 4 ;                                        ;
+---------------------------------------+----------------------------------------+


+------------------------------------------------------+
; General Register Statistics                          ;
+----------------------------------------------+-------+
; Statistic                                    ; Value ;
+----------------------------------------------+-------+
; Total registers                              ; 12    ;
; Number of registers using Synchronous Clear  ; 0     ;
; Number of registers using Synchronous Load   ; 0     ;
; Number of registers using Asynchronous Clear ; 0     ;
; Number of registers using Asynchronous Load  ; 0     ;
; Number of registers using Clock Enable       ; 6     ;
; Number of registers using Preset             ; 0     ;
+----------------------------------------------+-------+


+------------------------------------------------------------------------------------------------------------------------------------------+
; Multiplexer Restructuring Statistics (Restructuring Performed)                                                                           ;
+--------------------+-----------+---------------+----------------------+------------------------+------------+----------------------------+
; Multiplexer Inputs ; Bus Width ; Baseline Area ; Area if Restructured ; Saving if Restructured ; Registered ; Example Multiplexer Output ;
+--------------------+-----------+---------------+----------------------+------------------------+------------+----------------------------+
; 4:1                ; 2 bits    ; 4 ALUTs       ; 4 ALUTs              ; 0 ALUTs                ; Yes        ; |CPU|RegisterY:regY|out[1] ;
; 4:1                ; 4 bits    ; 8 ALUTs       ; 4 ALUTs              ; 4 ALUTs                ; Yes        ; |CPU|RegisterX:regZ|out[0] ;
+--------------------+-----------+---------------+----------------------+------------------------+------------+----------------------------+


+-------------------------------------------------------------+
; Parameter Settings for User Entity Instance: Counter:comb_3 ;
+----------------+-------+------------------------------------+
; Parameter Name ; Value ; Type                               ;
+----------------+-------+------------------------------------+
; END            ; 101   ; Unsigned Binary                    ;
; BEGIN          ; 000   ; Unsigned Binary                    ;
+----------------+-------+------------------------------------+
Note: In order to hide this table in the UI and the text report file, please set the "Show Parameter Settings Tables in Synthesis Report" option in "Analysis and Synthesis Settings -> More Settings" to "Off".


+------------------------------------------------------------+
; Parameter Settings for User Entity Instance: Memory:comb_4 ;
+----------------+-------+-----------------------------------+
; Parameter Name ; Value ; Type                              ;
+----------------+-------+-----------------------------------+
; X              ; 2     ; Signed Integer                    ;
; Y              ; 0     ; Signed Integer                    ;
+----------------+-------+-----------------------------------+
Note: In order to hide this table in the UI and the text report file, please set the "Show Parameter Settings Tables in Synthesis Report" option in "Analysis and Synthesis Settings -> More Settings" to "Off".


+--------------------------------------------------------------------+
; Parameter Settings for User Entity Instance: Controller:controller ;
+----------------+-------+-------------------------------------------+
; Parameter Name ; Value ; Type                                      ;
+----------------+-------+-------------------------------------------+
; CLEARXZ        ; 00    ; Unsigned Binary                           ;
; LOADXZ         ; 01    ; Unsigned Binary                           ;
; HOLDXZ         ; 10    ; Unsigned Binary                           ;
; CLEARY         ; 000   ; Unsigned Binary                           ;
; LOADY          ; 001   ; Unsigned Binary                           ;
; HOLDY          ; 010   ; Unsigned Binary                           ;
; SLY            ; 011   ; Unsigned Binary                           ;
; SRY            ; 100   ; Unsigned Binary                           ;
; ADDULA         ; 0     ; Unsigned Binary                           ;
; SUBULA         ; 1     ; Unsigned Binary                           ;
+----------------+-------+-------------------------------------------+
Note: In order to hide this table in the UI and the text report file, please set the "Show Parameter Settings Tables in Synthesis Report" option in "Analysis and Synthesis Settings -> More Settings" to "Off".


+-------------------------------------------------------------+
; Parameter Settings for User Entity Instance: RegisterX:regX ;
+----------------+-------+------------------------------------+
; Parameter Name ; Value ; Type                               ;
+----------------+-------+------------------------------------+
; CLEAR          ; 00    ; Unsigned Binary                    ;
; LOAD           ; 01    ; Unsigned Binary                    ;
; HOLD           ; 10    ; Unsigned Binary                    ;
+----------------+-------+------------------------------------+
Note: In order to hide this table in the UI and the text report file, please set the "Show Parameter Settings Tables in Synthesis Report" option in "Analysis and Synthesis Settings -> More Settings" to "Off".


+-------------------------------------------------------------+
; Parameter Settings for User Entity Instance: RegisterY:regY ;
+----------------+-------+------------------------------------+
; Parameter Name ; Value ; Type                               ;
+----------------+-------+------------------------------------+
; CLEAR          ; 000   ; Unsigned Binary                    ;
; LOAD           ; 001   ; Unsigned Binary                    ;
; HOLD           ; 010   ; Unsigned Binary                    ;
; SL             ; 011   ; Unsigned Binary                    ;
; SR             ; 100   ; Unsigned Binary                    ;
+----------------+-------+------------------------------------+
Note: In order to hide this table in the UI and the text report file, please set the "Show Parameter Settings Tables in Synthesis Report" option in "Analysis and Synthesis Settings -> More Settings" to "Off".


+-------------------------------------------------------------+
; Parameter Settings for User Entity Instance: RegisterX:regZ ;
+----------------+-------+------------------------------------+
; Parameter Name ; Value ; Type                               ;
+----------------+-------+------------------------------------+
; CLEAR          ; 00    ; Unsigned Binary                    ;
; LOAD           ; 01    ; Unsigned Binary                    ;
; HOLD           ; 10    ; Unsigned Binary                    ;
+----------------+-------+------------------------------------+
Note: In order to hide this table in the UI and the text report file, please set the "Show Parameter Settings Tables in Synthesis Report" option in "Analysis and Synthesis Settings -> More Settings" to "Off".


+------------------------------------------------------+
; Parameter Settings for User Entity Instance: ULA:ula ;
+----------------+-------+-----------------------------+
; Parameter Name ; Value ; Type                        ;
+----------------+-------+-----------------------------+
; ADD            ; 0     ; Unsigned Binary             ;
; SUB            ; 1     ; Unsigned Binary             ;
+----------------+-------+-----------------------------+
Note: In order to hide this table in the UI and the text report file, please set the "Show Parameter Settings Tables in Synthesis Report" option in "Analysis and Synthesis Settings -> More Settings" to "Off".


+---------------------------------------------------------------------------------------------------------------------------------------------------+
; Port Connectivity Checks: "Counter:comb_3"                                                                                                        ;
+------+--------+----------+------------------------------------------------------------------------------------------------------------------------+
; Port ; Type   ; Severity ; Details                                                                                                                ;
+------+--------+----------+------------------------------------------------------------------------------------------------------------------------+
; out  ; Output ; Warning  ; Output or bidir port (4 bits) is wider than the port expression (3 bits) it drives; bit(s) "out[3..3]" have no fanouts ;
+------+--------+----------+------------------------------------------------------------------------------------------------------------------------+


+-------------------------------+
; Analysis & Synthesis Messages ;
+-------------------------------+
Info: *******************************************************************
Info: Running Quartus II Analysis & Synthesis
    Info: Version 9.1 Build 350 03/24/2010 Service Pack 2 SJ Web Edition
    Info: Processing started: Thu Dec 13 14:01:25 2018
Info: Command: quartus_map --read_settings_files=on --write_settings_files=off Projeto2SD -c Projeto2SD
Info: Found 1 design units, including 1 entities, in source file counter.v
    Info: Found entity 1: Counter
Info: Found 1 design units, including 1 entities, in source file memory.v
    Info: Found entity 1: Memory
Info: Found 1 design units, including 1 entities, in source file registerx.v
    Info: Found entity 1: RegisterX
Info: Found 1 design units, including 1 entities, in source file registery.v
    Info: Found entity 1: RegisterY
Info: Found 1 design units, including 1 entities, in source file ula.v
    Info: Found entity 1: ULA
Info: Found 1 design units, including 1 entities, in source file controller.v
    Info: Found entity 1: Controller
Info: Found 1 design units, including 1 entities, in source file cpu.v
    Info: Found entity 1: CPU
Critical Warning (10846): Verilog HDL Instantiation warning at CPU.v(16): instance has no name
Critical Warning (10846): Verilog HDL Instantiation warning at CPU.v(17): instance has no name
Info: Elaborating entity "CPU" for the top level hierarchy
Info: Elaborating entity "Counter" for hierarchy "Counter:comb_3"
Warning (10230): Verilog HDL assignment warning at Counter.v(13): truncated value with size 32 to match size of target (4)
Info: Elaborating entity "Memory" for hierarchy "Memory:comb_4"
Warning (10230): Verilog HDL assignment warning at Memory.v(15): truncated value with size 32 to match size of target (4)
Warning (10230): Verilog HDL assignment warning at Memory.v(20): truncated value with size 32 to match size of target (4)
Warning (10270): Verilog HDL Case Statement warning at Memory.v(11): incomplete case statement has no default case item
Warning (10240): Verilog HDL Always Construct warning at Memory.v(11): inferring latch(es) for variable "out", which holds its previous value in one or more paths through the always construct
Warning (10240): Verilog HDL Always Construct warning at Memory.v(11): inferring latch(es) for variable "val", which holds its previous value in one or more paths through the always construct
Info (10041): Inferred latch for "val[0]" at Memory.v(11)
Info (10041): Inferred latch for "val[1]" at Memory.v(11)
Info (10041): Inferred latch for "val[2]" at Memory.v(11)
Info (10041): Inferred latch for "val[3]" at Memory.v(11)
Info (10041): Inferred latch for "out[0]" at Memory.v(11)
Info (10041): Inferred latch for "out[1]" at Memory.v(11)
Info (10041): Inferred latch for "out[2]" at Memory.v(11)
Info: Elaborating entity "Controller" for hierarchy "Controller:controller"
Warning (10270): Verilog HDL Case Statement warning at Controller.v(23): incomplete case statement has no default case item
Warning (10240): Verilog HDL Always Construct warning at Controller.v(23): inferring latch(es) for variable "tX", which holds its previous value in one or more paths through the always construct
Warning (10240): Verilog HDL Always Construct warning at Controller.v(23): inferring latch(es) for variable "tY", which holds its previous value in one or more paths through the always construct
Warning (10240): Verilog HDL Always Construct warning at Controller.v(23): inferring latch(es) for variable "tZ", which holds its previous value in one or more paths through the always construct
Warning (10240): Verilog HDL Always Construct warning at Controller.v(23): inferring latch(es) for variable "tULA", which holds its previous value in one or more paths through the always construct
Info (10041): Inferred latch for "tULA" at Controller.v(23)
Info (10041): Inferred latch for "tZ[0]" at Controller.v(23)
Info (10041): Inferred latch for "tZ[1]" at Controller.v(23)
Info (10041): Inferred latch for "tY[0]" at Controller.v(23)
Info (10041): Inferred latch for "tY[1]" at Controller.v(23)
Info (10041): Inferred latch for "tY[2]" at Controller.v(23)
Info (10041): Inferred latch for "tX[0]" at Controller.v(23)
Info (10041): Inferred latch for "tX[1]" at Controller.v(23)
Info: Elaborating entity "RegisterX" for hierarchy "RegisterX:regX"
Info: Elaborating entity "RegisterY" for hierarchy "RegisterY:regY"
Info: Elaborating entity "ULA" for hierarchy "ULA:ula"
Warning: 1 hierarchies have connectivity warnings - see the Connectivity Checks report folder
Warning: Latch Controller:controller|tX[0] has unsafe behavior
    Warning: Ports D and ENA on the latch are fed by the same signal Memory:comb_4|out[1]
Warning: Latch Controller:controller|tX[1] has unsafe behavior
    Warning: Ports D and ENA on the latch are fed by the same signal Memory:comb_4|out[1]
Warning: Latch Controller:controller|tY[0] has unsafe behavior
    Warning: Ports D and ENA on the latch are fed by the same signal Memory:comb_4|out[0]
Warning: Latch Controller:controller|tY[2] has unsafe behavior
    Warning: Ports D and ENA on the latch are fed by the same signal Memory:comb_4|out[0]
Warning: Latch Controller:controller|tZ[0] has unsafe behavior
    Warning: Ports D and ENA on the latch are fed by the same signal Memory:comb_4|out[2]
Warning: Latch Controller:controller|tZ[1] has unsafe behavior
    Warning: Ports D and ENA on the latch are fed by the same signal Memory:comb_4|out[0]
Warning: Latch Memory:comb_4|val[1] has unsafe behavior
    Warning: Ports D and ENA on the latch are fed by the same signal Counter:comb_3|out[0]
Warning: Latch Memory:comb_4|out[0] has unsafe behavior
    Warning: Ports D and ENA on the latch are fed by the same signal Counter:comb_3|out[0]
Warning: Latch Memory:comb_4|out[1] has unsafe behavior
    Warning: Ports D and ENA on the latch are fed by the same signal Counter:comb_3|out[1]
Warning: Latch Memory:comb_4|out[2] has unsafe behavior
    Warning: Ports D and ENA on the latch are fed by the same signal Counter:comb_3|out[2]
Warning: Output pins are stuck at VCC or GND
    Warning (13410): Pin "outX[0]" is stuck at GND
    Warning (13410): Pin "outX[2]" is stuck at GND
    Warning (13410): Pin "outX[3]" is stuck at GND
    Warning (13410): Pin "tY[1]" is stuck at GND
    Warning (13410): Pin "tULA" is stuck at GND
    Warning (13410): Pin "valMemory[0]" is stuck at GND
    Warning (13410): Pin "valMemory[2]" is stuck at GND
    Warning (13410): Pin "valMemory[3]" is stuck at GND
Info: Implemented 68 device resources after synthesis - the final resource count might be different
    Info: Implemented 1 input pins
    Info: Implemented 34 output pins
    Info: Implemented 33 logic cells
Info: Quartus II Analysis & Synthesis was successful. 0 errors, 43 warnings
    Info: Peak virtual memory: 243 megabytes
    Info: Processing ended: Thu Dec 13 14:01:26 2018
    Info: Elapsed time: 00:00:01
    Info: Total CPU time (on all processors): 00:00:02


